[INFO ] 2022-11-26 18:21:23.591 [main] TestNGRunner_extent_reporeter - Execution has started
[DEBUG] 2022-11-26 18:21:48.436 [main] TestNGRunner_extent_reporeter - chrome has been launched
[INFO ] 2022-11-26 18:21:48.451 [main] TestNGRunner_extent_reporeter - test has started
[ERROR] 2022-11-26 18:21:48.453 [main] TestNGRunner_extent_reporeter - test has been skipped
[DEBUG] 2022-11-26 18:22:22.726 [main] TestNGRunner_extent_reporeter - chrome has been launched
[INFO ] 2022-11-26 18:22:22.728 [main] TestNGRunner_extent_reporeter - test has started
[DEBUG] 2022-11-26 18:23:09.353 [main] TestNGRunner_extent_reporeter - chrome has been launched
[INFO ] 2022-11-26 18:23:09.357 [main] TestNGRunner_extent_reporeter - test has started
[ERROR] 2022-11-26 18:23:09.358 [main] TestNGRunner_extent_reporeter - test has been skipped
[INFO ] 2022-11-27 06:33:49.893 [main] TestNGRunner_extent_reporeter - Execution has started
[DEBUG] 2022-11-27 06:34:02.269 [main] TestNGRunner_extent_reporeter - chrome has been launched
[INFO ] 2022-11-27 06:34:02.303 [main] TestNGRunner_extent_reporeter - test has started
[INFO ] 2022-11-27 06:34:08.016 [main] TestNGRunner_extent_reporeter - Soft assertion execution staterd
[DEBUG] 2022-11-27 06:34:16.636 [main] TestNGRunner_extent_reporeter - chrome has been launched
[INFO ] 2022-11-27 06:34:16.638 [main] TestNGRunner_extent_reporeter - test has started
[INFO ] 2022-11-27 06:34:42.856 [main] TestNGRunner_extent_reporeter - Soft assertion execution staterd
[DEBUG] 2022-11-27 06:34:54.527 [main] TestNGRunner_extent_reporeter - chrome has been launched
[INFO ] 2022-11-27 06:34:54.537 [main] TestNGRunner_extent_reporeter - test has started
[ERROR] 2022-11-27 06:34:54.539 [main] TestNGRunner_extent_reporeter - test has been skipped
[INFO ] 2022-12-04 16:16:23.260 [main] TestNGRunner_extent_reporeter - Execution has started
[DEBUG] 2022-12-04 16:17:00.797 [main] TestNGRunner_extent_reporeter - chrome has been launched
[INFO ] 2022-12-04 16:17:00.822 [main] TestNGRunner_extent_reporeter - test has started
[INFO ] 2022-12-04 16:17:07.445 [main] TestNGRunner_extent_reporeter - Soft assertion execution staterd
[DEBUG] 2022-12-04 16:17:43.378 [main] TestNGRunner_extent_reporeter - chrome has been launched
[INFO ] 2022-12-04 16:17:43.381 [main] TestNGRunner_extent_reporeter - test has started
[DEBUG] 2022-12-04 16:18:40.957 [main] TestNGRunner_extent_reporeter - chrome has been launched
[INFO ] 2022-12-04 16:18:40.960 [main] TestNGRunner_extent_reporeter - test has started
[ERROR] 2022-12-04 16:18:40.961 [main] TestNGRunner_extent_reporeter - test has been skipped
[INFO ] 2022-12-05 18:08:07.947 [main] TestNGRunner_extent_reporeter - Execution has started
[INFO ] 2022-12-05 18:09:06.036 [main] TestNGRunner_extent_reporeter - Execution has started
[DEBUG] 2022-12-05 18:09:23.887 [main] TestNGRunner_extent_reporeter - chrome has been launched
[INFO ] 2022-12-05 18:09:23.906 [main] TestNGRunner_extent_reporeter - test has started
[INFO ] 2022-12-05 18:09:29.196 [main] TestNGRunner_extent_reporeter - Soft assertion execution staterd
[DEBUG] 2022-12-05 18:09:45.356 [main] TestNGRunner_extent_reporeter - chrome has been launched
[INFO ] 2022-12-05 18:09:45.358 [main] TestNGRunner_extent_reporeter - test has started
[INFO ] 2022-12-05 18:10:07.474 [main] TestNGRunner_extent_reporeter - Soft assertion execution staterd
[DEBUG] 2022-12-05 18:10:27.002 [main] TestNGRunner_extent_reporeter - chrome has been launched
[INFO ] 2022-12-05 18:10:27.003 [main] TestNGRunner_extent_reporeter - test has started
[ERROR] 2022-12-05 18:10:27.004 [main] TestNGRunner_extent_reporeter - test has been skipped
[INFO ] 2022-12-05 18:19:09.334 [main] TestNGRunner_extent_reporeter - Execution has started
[DEBUG] 2022-12-05 18:19:36.190 [main] TestNGRunner_extent_reporeter - chrome has been launched
[INFO ] 2022-12-05 18:19:36.199 [main] TestNGRunner_extent_reporeter - test has started
[INFO ] 2022-12-05 18:19:40.986 [main] TestNGRunner_extent_reporeter - Soft assertion execution staterd
[DEBUG] 2022-12-05 18:20:01.695 [main] TestNGRunner_extent_reporeter - chrome has been launched
[INFO ] 2022-12-05 18:20:01.696 [main] TestNGRunner_extent_reporeter - test has started
[DEBUG] 2022-12-05 18:20:45.089 [main] TestNGRunner_extent_reporeter - chrome has been launched
[INFO ] 2022-12-05 18:20:45.091 [main] TestNGRunner_extent_reporeter - test has started
[ERROR] 2022-12-05 18:20:45.091 [main] TestNGRunner_extent_reporeter - test has been skipped
[INFO ] 2022-12-05 18:24:19.917 [main] TestNGRunner_extent_reporeter - Execution has started
[DEBUG] 2022-12-05 18:24:33.454 [main] TestNGRunner_extent_reporeter - chrome has been launched
[INFO ] 2022-12-05 18:24:33.468 [main] TestNGRunner_extent_reporeter - test has started
[INFO ] 2022-12-05 18:24:37.797 [main] TestNGRunner_extent_reporeter - Soft assertion execution staterd
[DEBUG] 2022-12-05 18:24:55.450 [main] TestNGRunner_extent_reporeter - chrome has been launched
[INFO ] 2022-12-05 18:24:55.452 [main] TestNGRunner_extent_reporeter - test has started
[DEBUG] 2022-12-05 18:25:28.819 [main] TestNGRunner_extent_reporeter - chrome has been launched
[INFO ] 2022-12-05 18:25:28.822 [main] TestNGRunner_extent_reporeter - test has started
[ERROR] 2022-12-05 18:25:28.823 [main] TestNGRunner_extent_reporeter - test has been skipped
[INFO ] 2022-12-05 18:35:32.428 [main] TestNGRunner_extent_reporeter - Execution has started
[DEBUG] 2022-12-05 18:35:48.045 [main] TestNGRunner_extent_reporeter - chrome has been launched
[INFO ] 2022-12-05 18:35:48.070 [main] TestNGRunner_extent_reporeter - test has started
[INFO ] 2022-12-05 18:35:52.944 [main] TestNGRunner_extent_reporeter - Soft assertion execution staterd
[DEBUG] 2022-12-05 18:36:04.697 [main] TestNGRunner_extent_reporeter - chrome has been launched
[INFO ] 2022-12-05 18:36:04.700 [main] TestNGRunner_extent_reporeter - test has started
[DEBUG] 2022-12-05 18:36:39.555 [main] TestNGRunner_extent_reporeter - chrome has been launched
[INFO ] 2022-12-05 18:36:39.562 [main] TestNGRunner_extent_reporeter - test has started
[ERROR] 2022-12-05 18:36:39.563 [main] TestNGRunner_extent_reporeter - test has been skipped
[INFO ] 2022-12-05 18:41:19.049 [main] TestNGRunner_extent_reporeter - Execution has started
[DEBUG] 2022-12-05 18:41:32.925 [main] TestNGRunner_extent_reporeter - chrome has been launched
[INFO ] 2022-12-05 18:41:32.950 [main] TestNGRunner_extent_reporeter - test has started
[DEBUG] 2022-12-05 18:41:50.847 [main] TestNGRunner_extent_reporeter - chrome has been launched
[INFO ] 2022-12-05 18:41:50.855 [main] TestNGRunner_extent_reporeter - test has started
[DEBUG] 2022-12-05 18:42:21.462 [main] TestNGRunner_extent_reporeter - chrome has been launched
[INFO ] 2022-12-05 18:42:21.466 [main] TestNGRunner_extent_reporeter - test has started
[ERROR] 2022-12-05 18:42:21.467 [main] TestNGRunner_extent_reporeter - test has been skipped
[INFO ] 2022-12-05 19:50:50.343 [main] TestNGRunner_extent_reporeter - Execution has started
[DEBUG] 2022-12-05 19:51:14.413 [main] TestNGRunner_extent_reporeter - chrome has been launched
[INFO ] 2022-12-05 19:51:14.431 [main] TestNGRunner_extent_reporeter - test has started
[DEBUG] 2022-12-05 19:51:36.757 [main] TestNGRunner_extent_reporeter - chrome has been launched
[INFO ] 2022-12-05 19:51:36.760 [main] TestNGRunner_extent_reporeter - test has started
[DEBUG] 2022-12-05 19:52:13.472 [main] TestNGRunner_extent_reporeter - chrome has been launched
[INFO ] 2022-12-05 19:52:13.475 [main] TestNGRunner_extent_reporeter - test has started
[ERROR] 2022-12-05 19:52:13.476 [main] TestNGRunner_extent_reporeter - test has been skipped
[INFO ] 2022-12-07 10:23:07.210 [main] TestNGRunner_extent_reporeter - Execution has started
[DEBUG] 2022-12-07 10:23:20.347 [main] TestNGRunner_extent_reporeter - chrome has been launched
[INFO ] 2022-12-07 10:23:20.373 [main] TestNGRunner_extent_reporeter - test has started
[DEBUG] 2022-12-07 10:23:34.159 [main] TestNGRunner_extent_reporeter - chrome has been launched
[INFO ] 2022-12-07 10:23:34.163 [main] TestNGRunner_extent_reporeter - test has started
[DEBUG] 2022-12-07 10:23:56.422 [main] TestNGRunner_extent_reporeter - chrome has been launched
[INFO ] 2022-12-07 10:23:56.425 [main] TestNGRunner_extent_reporeter - test has started
[ERROR] 2022-12-07 10:23:56.426 [main] TestNGRunner_extent_reporeter - test has been skipped
[INFO ] 2022-12-07 13:45:54.490 [main] TestNGRunner_extent_reporeter - Execution has started
[DEBUG] 2022-12-07 13:46:13.557 [main] TestNGRunner_extent_reporeter - chrome has been launched
[INFO ] 2022-12-07 13:46:13.573 [main] TestNGRunner_extent_reporeter - test has started
[DEBUG] 2022-12-07 13:46:27.844 [main] TestNGRunner_extent_reporeter - chrome has been launched
[INFO ] 2022-12-07 13:46:27.847 [main] TestNGRunner_extent_reporeter - test has started
[DEBUG] 2022-12-07 13:46:49.966 [main] TestNGRunner_extent_reporeter - chrome has been launched
[INFO ] 2022-12-07 13:46:49.967 [main] TestNGRunner_extent_reporeter - test has started
[ERROR] 2022-12-07 13:46:49.969 [main] TestNGRunner_extent_reporeter - test has been skipped
[INFO ] 2022-12-07 13:48:22.979 [main] TestNGRunner_extent_reporeter - Execution has started
[INFO ] 2022-12-07 13:48:34.502 [main] TestNGRunner_extent_reporeter - Execution has started
[DEBUG] 2022-12-07 13:48:39.773 [main] TestNGRunner_extent_reporeter - chrome has been launched
[INFO ] 2022-12-07 13:48:39.798 [main] TestNGRunner_extent_reporeter - test has started
[INFO ] 2022-12-07 13:48:55.790 [main] TestNGRunner_extent_reporeter - Execution has started
[DEBUG] 2022-12-07 13:49:12.165 [main] TestNGRunner_extent_reporeter - chrome has been launched
[INFO ] 2022-12-07 13:49:12.191 [main] TestNGRunner_extent_reporeter - test has started
[DEBUG] 2022-12-07 13:49:32.590 [main] TestNGRunner_extent_reporeter - chrome has been launched
[INFO ] 2022-12-07 13:49:32.592 [main] TestNGRunner_extent_reporeter - test has started
[DEBUG] 2022-12-07 13:49:54.075 [main] TestNGRunner_extent_reporeter - chrome has been launched
[INFO ] 2022-12-07 13:49:54.076 [main] TestNGRunner_extent_reporeter - test has started
[ERROR] 2022-12-07 13:49:54.078 [main] TestNGRunner_extent_reporeter - test has been skipped
[INFO ] 2022-12-07 13:56:02.267 [main] TestNGRunner_extent_reporeter - Execution has started
[DEBUG] 2022-12-07 13:56:25.828 [main] TestNGRunner_extent_reporeter - chrome has been launched
[INFO ] 2022-12-07 13:56:25.840 [main] TestNGRunner_extent_reporeter - test has started
[DEBUG] 2022-12-07 13:56:44.678 [main] TestNGRunner_extent_reporeter - chrome has been launched
[INFO ] 2022-12-07 13:56:44.680 [main] TestNGRunner_extent_reporeter - test has started
[DEBUG] 2022-12-07 13:57:15.416 [main] TestNGRunner_extent_reporeter - chrome has been launched
[INFO ] 2022-12-07 13:57:15.421 [main] TestNGRunner_extent_reporeter - test has started
[ERROR] 2022-12-07 13:57:15.421 [main] TestNGRunner_extent_reporeter - test has been skipped
[INFO ] 2022-12-07 13:58:20.452 [main] TestNGRunner_extent_reporeter - Execution has started
[DEBUG] 2022-12-07 13:58:34.552 [main] TestNGRunner_extent_reporeter - chrome has been launched
[INFO ] 2022-12-07 13:58:34.578 [main] TestNGRunner_extent_reporeter - test has started
[DEBUG] 2022-12-07 13:58:55.368 [main] TestNGRunner_extent_reporeter - chrome has been launched
[INFO ] 2022-12-07 13:58:55.373 [main] TestNGRunner_extent_reporeter - test has started
[DEBUG] 2022-12-07 13:59:31.623 [main] TestNGRunner_extent_reporeter - chrome has been launched
[INFO ] 2022-12-07 13:59:31.626 [main] TestNGRunner_extent_reporeter - test has started
[ERROR] 2022-12-07 13:59:31.627 [main] TestNGRunner_extent_reporeter - test has been skipped
[INFO ] 2022-12-07 14:02:36.249 [main] TestNGRunner_extent_reporeter - Execution has started
[DEBUG] 2022-12-07 14:02:51.404 [main] TestNGRunner_extent_reporeter - chrome has been launched
[INFO ] 2022-12-07 14:02:51.425 [main] TestNGRunner_extent_reporeter - test has started
[DEBUG] 2022-12-07 14:03:11.244 [main] TestNGRunner_extent_reporeter - chrome has been launched
[INFO ] 2022-12-07 14:03:11.248 [main] TestNGRunner_extent_reporeter - test has started
[DEBUG] 2022-12-07 14:03:45.109 [main] TestNGRunner_extent_reporeter - chrome has been launched
[INFO ] 2022-12-07 14:03:45.111 [main] TestNGRunner_extent_reporeter - test has started
[ERROR] 2022-12-07 14:03:45.111 [main] TestNGRunner_extent_reporeter - test has been skipped
[INFO ] 2022-12-07 14:07:59.858 [main] TestNGRunner_extent_reporeter - Execution has started
[DEBUG] 2022-12-07 14:08:12.392 [main] TestNGRunner_extent_reporeter - chrome has been launched
[INFO ] 2022-12-07 14:08:12.413 [main] TestNGRunner_extent_reporeter - test has started
[DEBUG] 2022-12-07 14:08:28.586 [main] TestNGRunner_extent_reporeter - chrome has been launched
[INFO ] 2022-12-07 14:08:28.589 [main] TestNGRunner_extent_reporeter - test has started
[DEBUG] 2022-12-07 14:08:45.220 [main] TestNGRunner_extent_reporeter - chrome has been launched
[INFO ] 2022-12-07 14:08:45.223 [main] TestNGRunner_extent_reporeter - test has started
[ERROR] 2022-12-07 14:08:45.223 [main] TestNGRunner_extent_reporeter - test has been skipped
[INFO ] 2022-12-07 14:11:22.673 [main] TestNGRunner_extent_reporeter - Execution has started
[DEBUG] 2022-12-07 14:11:39.924 [main] TestNGRunner_extent_reporeter - chrome has been launched
[INFO ] 2022-12-07 14:11:39.948 [main] TestNGRunner_extent_reporeter - test has started
[INFO ] 2022-12-07 14:11:47.588 [main] TestNGRunner_extent_reporeter - Soft assertion execution staterd
[DEBUG] 2022-12-07 14:12:02.216 [main] TestNGRunner_extent_reporeter - chrome has been launched
[INFO ] 2022-12-07 14:12:02.220 [main] TestNGRunner_extent_reporeter - test has started
[INFO ] 2022-12-07 14:12:30.583 [main] TestNGRunner_extent_reporeter - Soft assertion execution staterd
[DEBUG] 2022-12-07 14:12:50.441 [main] TestNGRunner_extent_reporeter - chrome has been launched
[INFO ] 2022-12-07 14:12:50.443 [main] TestNGRunner_extent_reporeter - test has started
[ERROR] 2022-12-07 14:12:50.444 [main] TestNGRunner_extent_reporeter - test has been skipped
[INFO ] 2022-12-07 14:13:58.608 [main] TestNGRunner_extent_reporeter - Execution has started
[DEBUG] 2022-12-07 14:14:17.340 [main] TestNGRunner_extent_reporeter - chrome has been launched
[INFO ] 2022-12-07 14:14:17.355 [main] TestNGRunner_extent_reporeter - test has started
[INFO ] 2022-12-07 14:14:24.592 [main] TestNGRunner_extent_reporeter - Soft assertion execution staterd
[DEBUG] 2022-12-07 14:14:35.800 [main] TestNGRunner_extent_reporeter - chrome has been launched
[INFO ] 2022-12-07 14:14:35.804 [main] TestNGRunner_extent_reporeter - test has started
[DEBUG] 2022-12-07 14:15:15.621 [main] TestNGRunner_extent_reporeter - chrome has been launched
[INFO ] 2022-12-07 14:15:15.625 [main] TestNGRunner_extent_reporeter - test has started
[ERROR] 2022-12-07 14:15:15.626 [main] TestNGRunner_extent_reporeter - test has been skipped
[INFO ] 2022-12-07 14:23:02.876 [main] TestNGRunner_extent_reporeter - Execution has started
[DEBUG] 2022-12-07 14:23:17.402 [main] TestNGRunner_extent_reporeter - chrome has been launched
[INFO ] 2022-12-07 14:23:17.427 [main] TestNGRunner_extent_reporeter - test has started
[INFO ] 2022-12-07 14:23:24.982 [main] TestNGRunner_extent_reporeter - Soft assertion execution staterd
[DEBUG] 2022-12-07 14:23:38.366 [main] TestNGRunner_extent_reporeter - chrome has been launched
[INFO ] 2022-12-07 14:23:38.371 [main] TestNGRunner_extent_reporeter - test has started
[DEBUG] 2022-12-07 14:24:21.193 [main] TestNGRunner_extent_reporeter - chrome has been launched
[INFO ] 2022-12-07 14:24:21.195 [main] TestNGRunner_extent_reporeter - test has started
[ERROR] 2022-12-07 14:24:21.195 [main] TestNGRunner_extent_reporeter - test has been skipped
[INFO ] 2022-12-07 16:33:25.175 [main] TestNGRunner_extent_reporeter - Execution has started
[DEBUG] 2022-12-07 16:33:38.253 [main] TestNGRunner_extent_reporeter - chrome has been launched
[INFO ] 2022-12-07 16:33:38.263 [main] TestNGRunner_extent_reporeter - test has started
[INFO ] 2022-12-07 16:33:45.678 [main] TestNGRunner_extent_reporeter - Soft assertion execution staterd
[DEBUG] 2022-12-07 16:34:09.656 [main] TestNGRunner_extent_reporeter - chrome has been launched
[INFO ] 2022-12-07 16:34:09.659 [main] TestNGRunner_extent_reporeter - test has started
[DEBUG] 2022-12-07 16:34:56.729 [main] TestNGRunner_extent_reporeter - chrome has been launched
[INFO ] 2022-12-07 16:34:56.732 [main] TestNGRunner_extent_reporeter - test has started
[ERROR] 2022-12-07 16:34:56.733 [main] TestNGRunner_extent_reporeter - test has been skipped
[INFO ] 2022-12-07 17:04:30.378 [main] TestNGRunner_extent_reporeter - Execution has started
[DEBUG] 2022-12-07 17:04:47.757 [main] TestNGRunner_extent_reporeter - chrome has been launched
[INFO ] 2022-12-07 17:04:47.784 [main] TestNGRunner_extent_reporeter - test has started
[INFO ] 2022-12-07 17:04:55.276 [main] TestNGRunner_extent_reporeter - Soft assertion execution staterd
[DEBUG] 2022-12-07 17:05:08.210 [main] TestNGRunner_extent_reporeter - chrome has been launched
[INFO ] 2022-12-07 17:05:08.215 [main] TestNGRunner_extent_reporeter - test has started
[DEBUG] 2022-12-07 17:05:56.056 [main] TestNGRunner_extent_reporeter - chrome has been launched
[INFO ] 2022-12-07 17:05:56.060 [main] TestNGRunner_extent_reporeter - test has started
[ERROR] 2022-12-07 17:05:56.061 [main] TestNGRunner_extent_reporeter - test has been skipped
[INFO ] 2022-12-07 17:51:23.920 [main] TestNGRunner_extent_reporeter - Execution has started
[DEBUG] 2022-12-07 17:51:29.974 [main] TestNGRunner_extent_reporeter - chrome has been launched
[INFO ] 2022-12-07 17:51:29.986 [main] TestNGRunner_extent_reporeter - test has started
[INFO ] 2022-12-07 17:55:09.168 [main] TestNGRunner_extent_reporeter - Execution has started
[DEBUG] 2022-12-07 17:55:15.706 [main] TestNGRunner_extent_reporeter - chrome has been launched
[INFO ] 2022-12-07 17:55:15.733 [main] TestNGRunner_extent_reporeter - test has started
[INFO ] 2022-12-07 17:57:19.211 [main] TestNGRunner_extent_reporeter - Execution has started
[DEBUG] 2022-12-07 17:57:25.280 [main] TestNGRunner_extent_reporeter - chrome has been launched
[INFO ] 2022-12-07 19:03:34.542 [main] TestNGRunner_extent_reporeter - Execution has started
[DEBUG] 2022-12-07 19:03:40.335 [main] TestNGRunner_extent_reporeter - chrome has been launched
[INFO ] 2022-12-17 16:50:10.116 [main] TestNGRunner_extent_reporeter - Execution has started
[DEBUG] 2022-12-17 16:50:17.281 [main] TestNGRunner_extent_reporeter - chrome has been launched
[INFO ] 2022-12-17 16:51:27.094 [main] TestNGRunner_extent_reporeter - Execution has started
[DEBUG] 2022-12-17 16:51:33.589 [main] TestNGRunner_extent_reporeter - chrome has been launched
[INFO ] 2022-12-17 16:53:08.778 [main] TestNGRunner_extent_reporeter - Execution has started
[DEBUG] 2022-12-17 16:53:15.141 [main] TestNGRunner_extent_reporeter - chrome has been launched
[INFO ] 2022-12-17 17:06:08.143 [main] TestNGRunner_extent_reporeter - Execution has started
[DEBUG] 2022-12-17 17:06:13.813 [main] TestNGRunner_extent_reporeter - chrome has been launched
[INFO ] 2022-12-17 17:13:39.332 [main] TestNGRunner_extent_reporeter - Execution has started
[DEBUG] 2022-12-17 17:13:46.078 [main] TestNGRunner_extent_reporeter - chrome has been launched
[INFO ] 2022-12-17 17:13:46.095 [main] TestNGRunner_extent_reporeter - test has started
[DEBUG] 2022-12-17 17:14:13.581 [main] TestNGRunner_extent_reporeter - chrome has been launched
[INFO ] 2022-12-17 17:14:13.583 [main] TestNGRunner_extent_reporeter - test has started
[DEBUG] 2022-12-17 17:14:41.045 [main] TestNGRunner_extent_reporeter - chrome has been launched
[INFO ] 2022-12-17 17:14:41.047 [main] TestNGRunner_extent_reporeter - test has started
[ERROR] 2022-12-17 17:14:41.047 [main] TestNGRunner_extent_reporeter - test has been skipped
[INFO ] 2022-12-17 17:19:34.614 [main] TestNGRunner_extent_reporeter - Execution has started
[DEBUG] 2022-12-17 17:19:41.879 [main] TestNGRunner_extent_reporeter - chrome has been launched
[INFO ] 2022-12-17 17:19:41.891 [main] TestNGRunner_extent_reporeter - test has started
[DEBUG] 2022-12-17 17:20:00.218 [main] TestNGRunner_extent_reporeter - chrome has been launched
[INFO ] 2022-12-17 17:20:00.219 [main] TestNGRunner_extent_reporeter - test has started
[DEBUG] 2022-12-17 17:20:17.336 [main] TestNGRunner_extent_reporeter - chrome has been launched
[INFO ] 2022-12-17 17:20:17.337 [main] TestNGRunner_extent_reporeter - test has started
[ERROR] 2022-12-17 17:20:17.337 [main] TestNGRunner_extent_reporeter - test has been skipped
[INFO ] 2022-12-17 17:20:47.132 [main] TestNGRunner_extent_reporeter - Execution has started
[DEBUG] 2022-12-17 17:20:53.631 [main] TestNGRunner_extent_reporeter - chrome has been launched
[INFO ] 2022-12-17 17:20:53.648 [main] TestNGRunner_extent_reporeter - test has started
[DEBUG] 2022-12-17 17:21:10.850 [main] TestNGRunner_extent_reporeter - chrome has been launched
[INFO ] 2022-12-17 17:21:10.854 [main] TestNGRunner_extent_reporeter - test has started
[DEBUG] 2022-12-17 17:21:29.306 [main] TestNGRunner_extent_reporeter - chrome has been launched
[INFO ] 2022-12-17 17:21:29.309 [main] TestNGRunner_extent_reporeter - test has started
[ERROR] 2022-12-17 17:21:29.309 [main] TestNGRunner_extent_reporeter - test has been skipped
[INFO ] 2022-12-17 17:22:35.651 [main] TestNGRunner_extent_reporeter - Execution has started
[DEBUG] 2022-12-17 17:22:40.974 [main] TestNGRunner_extent_reporeter - chrome has been launched
[INFO ] 2022-12-17 17:25:46.658 [main] TestNGRunner_extent_reporeter - Execution has started
[DEBUG] 2022-12-17 17:25:51.715 [main] TestNGRunner_extent_reporeter - chrome has been launched
[INFO ] 2022-12-17 17:30:09.191 [main] TestNGRunner_extent_reporeter - Execution has started
[DEBUG] 2022-12-17 17:30:14.481 [main] TestNGRunner_extent_reporeter - chrome has been launched
[INFO ] 2022-12-17 17:37:51.088 [main] TestNGRunner_extent_reporeter - Execution has started
[DEBUG] 2022-12-17 17:37:59.877 [main] TestNGRunner_extent_reporeter - chrome has been launched
[INFO ] 2022-12-17 17:37:59.899 [main] TestNGRunner_extent_reporeter - test has started
[INFO ] 2022-12-17 17:38:07.026 [main] TestNGRunner_extent_reporeter - Soft assertion execution staterd
[DEBUG] 2022-12-17 17:38:14.391 [main] TestNGRunner_extent_reporeter - chrome has been launched
[INFO ] 2022-12-17 17:38:14.392 [main] TestNGRunner_extent_reporeter - test has started
[INFO ] 2022-12-17 17:38:37.629 [main] TestNGRunner_extent_reporeter - Soft assertion execution staterd
[DEBUG] 2022-12-17 17:38:54.986 [main] TestNGRunner_extent_reporeter - chrome has been launched
[INFO ] 2022-12-17 17:38:54.986 [main] TestNGRunner_extent_reporeter - test has started
[ERROR] 2022-12-17 17:38:54.987 [main] TestNGRunner_extent_reporeter - test has been skipped
[INFO ] 2022-12-17 17:43:33.885 [main] TestNGRunner_extent_reporeter - Execution has started
[DEBUG] 2022-12-17 17:43:43.664 [main] TestNGRunner_extent_reporeter - chrome has been launched
[INFO ] 2022-12-17 17:43:43.676 [main] TestNGRunner_extent_reporeter - test has started
[INFO ] 2022-12-17 17:43:51.278 [main] TestNGRunner_extent_reporeter - Soft assertion execution staterd
[DEBUG] 2022-12-17 17:43:57.814 [main] TestNGRunner_extent_reporeter - chrome has been launched
[INFO ] 2022-12-17 17:43:57.815 [main] TestNGRunner_extent_reporeter - test has started
[INFO ] 2022-12-17 17:44:21.494 [main] TestNGRunner_extent_reporeter - Soft assertion execution staterd
[DEBUG] 2022-12-17 17:44:30.850 [main] TestNGRunner_extent_reporeter - chrome has been launched
[INFO ] 2022-12-17 17:44:30.852 [main] TestNGRunner_extent_reporeter - test has started
[ERROR] 2022-12-17 17:44:30.852 [main] TestNGRunner_extent_reporeter - test has been skipped
[INFO ] 2022-12-17 23:50:51.655 [main] TestNGRunner_extent_reporeter - Execution has started
[INFO ] 2022-12-18 00:19:40.004 [main] TestNGRunner_extent_reporeter - Execution has started
[INFO ] 2022-12-18 00:26:19.632 [main] TestNGRunner_extent_reporeter - Execution has started
[DEBUG] 2022-12-18 00:28:25.664 [main] TestNGRunner_extent_reporeter - chrome has been launched
[INFO ] 2022-12-18 00:28:25.682 [main] TestNGRunner_extent_reporeter - test has started
[INFO ] 2022-12-18 00:28:40.045 [main] TestNGRunner_extent_reporeter - Soft assertion execution staterd
[DEBUG] 2022-12-18 00:30:23.305 [main] TestNGRunner_extent_reporeter - chrome has been launched
[INFO ] 2022-12-18 00:30:23.308 [main] TestNGRunner_extent_reporeter - test has started
[DEBUG] 2022-12-18 00:32:12.495 [main] TestNGRunner_extent_reporeter - chrome has been launched
[INFO ] 2022-12-18 00:32:12.500 [main] TestNGRunner_extent_reporeter - test has started
[ERROR] 2022-12-18 00:32:12.501 [main] TestNGRunner_extent_reporeter - test has been skipped
